<?xml version="1.0" encoding="UTF-8"?>
<testng-results skipped="0" failed="0" total="3" passed="3">
  <reporter-output>
  </reporter-output>
  <suite name="Default suite" duration-ms="1203" started-at="2017-03-06T04:36:19Z" finished-at="2017-03-06T04:36:20Z">
    <groups>
    </groups>
    <test name="Default test" duration-ms="1203" started-at="2017-03-06T04:36:19Z" finished-at="2017-03-06T04:36:20Z">
      <class name="models.TestRecordTests">
        <test-method status="PASS" signature="testRecordCreateRecord()[pri:0, instance:models.TestRecordTests@3b084709]" name="testRecordCreateRecord" duration-ms="908" started-at="2017-03-05T23:36:19Z" finished-at="2017-03-05T23:36:20Z">
          <reporter-output>
          </reporter-output>
        </test-method> <!-- testRecordCreateRecord -->
        <test-method status="PASS" signature="testRecordFindRecord()[pri:0, instance:models.TestRecordTests@3b084709]" name="testRecordFindRecord" duration-ms="144" started-at="2017-03-05T23:36:20Z" finished-at="2017-03-05T23:36:20Z">
          <reporter-output>
          </reporter-output>
        </test-method> <!-- testRecordFindRecord -->
        <test-method status="PASS" signature="testRecordUpdateRecord()[pri:0, instance:models.TestRecordTests@3b084709]" name="testRecordUpdateRecord" duration-ms="138" started-at="2017-03-05T23:36:20Z" finished-at="2017-03-05T23:36:20Z">
          <reporter-output>
          </reporter-output>
        </test-method> <!-- testRecordUpdateRecord -->
      </class> <!-- models.TestRecordTests -->
    </test> <!-- Default test -->
  </suite> <!-- Default suite -->
</testng-results>
